  Moc'ing multiinterface.h...
  系统找不到指定的路径。
  Uic'ing multiinterface.ui...
  系统找不到指定的路径。
  Moc'ing widgetAlert.h...
  系统找不到指定的路径。
  Moc'ing widgetWarning.h...
  系统找不到指定的路径。
  Moc'ing widgetUser.h...
  系统找不到指定的路径。
  Moc'ing IOCard.h...
  系统找不到指定的路径。
  Moc'ing clogfile.h...
  系统找不到指定的路径。
  Moc'ing widgetSever.h...
  系统找不到指定的路径。
  Rcc'ing multiinterface.qrc...
  系统找不到指定的路径。
  Uic'ing Sever.ui...
  系统找不到指定的路径。
  Uic'ing IOCard.ui...
  系统找不到指定的路径。
  Uic'ing AlertWidget.ui...
  系统找不到指定的路径。
  Uic'ing userwidget.ui...
  系统找不到指定的路径。
  Moc'ing dhbasewidget.h...
  系统找不到指定的路径。
  Moc'ing pieview.h...
  系统找不到指定的路径。
  Moc'ing qcustomplot.h...
  系统找不到指定的路径。
  Moc'ing widget_count.h...
  系统找不到指定的路径。
  Uic'ing ProdectMode.ui...
  系统找不到指定的路径。
  Moc'ing widgetMode.h...
  系统找不到指定的路径。
C:\Program Files (x86)\MSBuild\Microsoft.Cpp\v4.0\V110\Microsoft.CppCommon.targets(172,5): error MSB6006: “cmd.exe”已退出，代码为 3。
