E:\MULTIINTERFACE\MULTIINTERFACE\X64\RELEASE\MULTIINTERFACE.OBJ
E:\MULTIINTERFACE\MULTIINTERFACE\X64\RELEASE\MAIN.OBJ
E:\MULTIINTERFACE\MULTIINTERFACE\X64\RELEASE\IOCARD.OBJ
E:\MULTIINTERFACE\MULTIINTERFACE\X64\RELEASE\MOC_WIDGET_COUNT.OBJ
E:\MULTIINTERFACE\MULTIINTERFACE\X64\RELEASE\MOC_WIDGETWARNING.OBJ
E:\MULTIINTERFACE\MULTIINTERFACE\X64\RELEASE\MOC_WIDGETUSER.OBJ
E:\MULTIINTERFACE\MULTIINTERFACE\X64\RELEASE\MOC_WIDGETSEVER.OBJ
E:\MULTIINTERFACE\MULTIINTERFACE\X64\RELEASE\MOC_WIDGETMODE.OBJ
E:\MULTIINTERFACE\MULTIINTERFACE\X64\RELEASE\MOC_WIDGETALERT.OBJ
E:\MULTIINTERFACE\MULTIINTERFACE\X64\RELEASE\MOC_QCUSTOMPLOT.OBJ
E:\MULTIINTERFACE\MULTIINTERFACE\X64\RELEASE\MOC_PIEVIEW.OBJ
E:\MULTIINTERFACE\MULTIINTERFACE\X64\RELEASE\MOC_MULTIINTERFACE.OBJ
E:\MULTIINTERFACE\MULTIINTERFACE\X64\RELEASE\MOC_IOCARD.OBJ
E:\MULTIINTERFACE\MULTIINTERFACE\X64\RELEASE\MOC_EXCELOBJECT.OBJ
E:\MULTIINTERFACE\MULTIINTERFACE\X64\RELEASE\MOC_DHBASEWIDGET.OBJ
E:\MULTIINTERFACE\MULTIINTERFACE\X64\RELEASE\MOC_CLOGFILE.OBJ
E:\MULTIINTERFACE\MULTIINTERFACE\X64\RELEASE\EXCELOBJECT.OBJ
E:\MULTIINTERFACE\MULTIINTERFACE\X64\RELEASE\DHBASEWIDGET.OBJ
E:\MULTIINTERFACE\MULTIINTERFACE\X64\RELEASE\DATABASE.OBJ
E:\MULTIINTERFACE\MULTIINTERFACE\X64\RELEASE\CLOGFILE.OBJ
E:\MULTIINTERFACE\MULTIINTERFACE\X64\RELEASE\WIDGET_COUNT.OBJ
E:\MULTIINTERFACE\MULTIINTERFACE\X64\RELEASE\WIDGETSEVER.OBJ
E:\MULTIINTERFACE\MULTIINTERFACE\X64\RELEASE\WIDGETWARNING.OBJ
E:\MULTIINTERFACE\MULTIINTERFACE\X64\RELEASE\WIDGETUSER.OBJ
E:\MULTIINTERFACE\MULTIINTERFACE\X64\RELEASE\WIDGETMODE.OBJ
E:\MULTIINTERFACE\MULTIINTERFACE\X64\RELEASE\WIDGETALERT.OBJ
E:\MULTIINTERFACE\MULTIINTERFACE\X64\RELEASE\QCUSTOMPLOT.OBJ
E:\MULTIINTERFACE\MULTIINTERFACE\X64\RELEASE\PIEVIEW.OBJ
E:\MULTIINTERFACE\MULTIINTERFACE\X64\RELEASE\VC100.PDB
E:\MULTIINTERFACE\MULTIINTERFACE\X64\RELEASE\QRC_MULTIINTERFACE.OBJ
E:\MULTIINTERFACE\MULTIINTERFACE\GENERATEDFILES\RELEASE\MOC_WIDGETALERT.CPP
E:\MULTIINTERFACE\MULTIINTERFACE\GENERATEDFILES\RELEASE\MOC_WIDGETWARNING.CPP
E:\MULTIINTERFACE\MULTIINTERFACE\GENERATEDFILES\RELEASE\MOC_WIDGETUSER.CPP
E:\MULTIINTERFACE\MULTIINTERFACE\GENERATEDFILES\RELEASE\MOC_IOCARD.CPP
E:\MULTIINTERFACE\MULTIINTERFACE\GENERATEDFILES\RELEASE\MOC_CLOGFILE.CPP
E:\MULTIINTERFACE\MULTIINTERFACE\GENERATEDFILES\RELEASE\MOC_WIDGETSEVER.CPP
E:\MULTIINTERFACE\MULTIINTERFACE\GENERATEDFILES\QRC_MULTIINTERFACE.CPP
E:\MULTIINTERFACE\MULTIINTERFACE\GENERATEDFILES\UI_IOCARD.H
E:\MULTIINTERFACE\MULTIINTERFACE\GENERATEDFILES\UI_ALERTWIDGET.H
E:\MULTIINTERFACE\MULTIINTERFACE\GENERATEDFILES\UI_USERWIDGET.H
E:\MULTIINTERFACE\MULTIINTERFACE\GENERATEDFILES\UI_WIDGET_COUNT.H
E:\MULTIINTERFACE\MULTIINTERFACE\GENERATEDFILES\RELEASE\MOC_DHBASEWIDGET.CPP
E:\MULTIINTERFACE\MULTIINTERFACE\GENERATEDFILES\RELEASE\MOC_PIEVIEW.CPP
E:\MULTIINTERFACE\MULTIINTERFACE\GENERATEDFILES\RELEASE\MOC_QCUSTOMPLOT.CPP
E:\MULTIINTERFACE\MULTIINTERFACE\GENERATEDFILES\RELEASE\MOC_WIDGET_COUNT.CPP
E:\MULTIINTERFACE\MULTIINTERFACE\GENERATEDFILES\UI_PRODECTMODE.H
E:\MULTIINTERFACE\MULTIINTERFACE\GENERATEDFILES\RELEASE\MOC_WIDGETMODE.CPP
E:\MULTIINTERFACE\MULTIINTERFACE\GENERATEDFILES\RELEASE\MOC_EXCELOBJECT.CPP
E:\MULTIINTERFACE\MULTIINTERFACE\GENERATEDFILES\UI_MULTIINTERFACE.H
E:\MULTIINTERFACE\MULTIINTERFACE\GENERATEDFILES\RELEASE\MOC_MULTIINTERFACE.CPP
E:\MULTIINTERFACE\X64\123\MULTIINTERFACE.ILK
E:\MULTIINTERFACE\X64\123\MULTIINTERFACE.EXE
E:\MULTIINTERFACE\MULTIINTERFACE\X64\RELEASE\MULTIINTERFACE.EXE.INTERMEDIATE.MANIFEST
E:\MULTIINTERFACE\X64\123\MULTIINTERFACE.PDB
E:\MultiInterface\x64\123\MultiInterface.lib
E:\MultiInterface\x64\123\MultiInterface.exp
E:\MULTIINTERFACE\MULTIINTERFACE\X64\RELEASE\MULTIINTERFACE.RES
E:\MultiInterface\MultiInterface\x64\Release\clogfile.obj
E:\MultiInterface\MultiInterface\x64\Release\database.obj
E:\MultiInterface\MultiInterface\x64\Release\dhbasewidget.obj
E:\MultiInterface\MultiInterface\x64\Release\ExcelObject.obj
E:\MultiInterface\MultiInterface\x64\Release\IOCard.obj
E:\MultiInterface\MultiInterface\x64\Release\main.obj
E:\MultiInterface\MultiInterface\x64\Release\moc_clogfile.obj
E:\MultiInterface\MultiInterface\x64\Release\moc_dhbasewidget.obj
E:\MultiInterface\MultiInterface\x64\Release\moc_ExcelObject.obj
E:\MultiInterface\MultiInterface\x64\Release\moc_IOCard.obj
E:\MultiInterface\MultiInterface\x64\Release\moc_multiinterface.obj
E:\MultiInterface\MultiInterface\x64\Release\moc_pieview.obj
E:\MultiInterface\MultiInterface\x64\Release\moc_qcustomplot.obj
E:\MultiInterface\MultiInterface\x64\Release\moc_widgetAlert.obj
E:\MultiInterface\MultiInterface\x64\Release\moc_widgetMode.obj
E:\MultiInterface\MultiInterface\x64\Release\moc_widgetSever.obj
E:\MultiInterface\MultiInterface\x64\Release\moc_widgetUser.obj
E:\MultiInterface\MultiInterface\x64\Release\moc_widgetWarning.obj
E:\MultiInterface\MultiInterface\x64\Release\moc_widget_count.obj
E:\MultiInterface\MultiInterface\x64\Release\multiinterface.obj
E:\MultiInterface\MultiInterface\x64\Release\pieview.obj
E:\MultiInterface\MultiInterface\x64\Release\qcustomplot.obj
E:\MultiInterface\MultiInterface\x64\Release\qrc_multiinterface.obj
E:\MultiInterface\MultiInterface\x64\Release\widgetAlert.obj
E:\MultiInterface\MultiInterface\x64\Release\widgetMode.obj
E:\MultiInterface\MultiInterface\x64\Release\widgetSever.obj
E:\MultiInterface\MultiInterface\x64\Release\widgetUser.obj
E:\MultiInterface\MultiInterface\x64\Release\widgetwarning.obj
E:\MultiInterface\MultiInterface\x64\Release\widget_count.obj
E:\MultiInterface\MultiInterface\x64\Release\cl.command.1.tlog
E:\MultiInterface\MultiInterface\x64\Release\CL.read.1.tlog
E:\MultiInterface\MultiInterface\x64\Release\CL.write.1.tlog
E:\MultiInterface\MultiInterface\x64\Release\custombuild.command.1.tlog
E:\MultiInterface\MultiInterface\x64\Release\custombuild.read.1.tlog
E:\MultiInterface\MultiInterface\x64\Release\custombuild.write.1.tlog
E:\MultiInterface\MultiInterface\x64\Release\link-cvtres.read.1.tlog
E:\MultiInterface\MultiInterface\x64\Release\link-cvtres.write.1.tlog
E:\MultiInterface\MultiInterface\x64\Release\link.command.1.tlog
E:\MultiInterface\MultiInterface\x64\Release\link.read.1.tlog
E:\MultiInterface\MultiInterface\x64\Release\link.write.1.tlog
E:\MultiInterface\MultiInterface\x64\Release\mt.command.1.tlog
E:\MultiInterface\MultiInterface\x64\Release\mt.read.1.tlog
E:\MultiInterface\MultiInterface\x64\Release\mt.write.1.tlog
E:\MultiInterface\MultiInterface\x64\Release\MultiInterface.write.1.tlog
E:\MultiInterface\MultiInterface\x64\Release\rc.command.1.tlog
E:\MultiInterface\MultiInterface\x64\Release\rc.read.1.tlog
E:\MultiInterface\MultiInterface\x64\Release\rc.write.1.tlog
E:\MultiInterface\MultiInterface\x64\Release\MultiInterface.exe.intermediate.manifest
E:\MultiInterface\MultiInterface\x64\Release\MultiInterface.res
E:\MultiInterface\MultiInterface\x64\Release\vc100.pdb
E:\MultiInterface\MultiInterface\..\x64\123\MultiInterface.exe
